{"C:\\work\\pruebas\\manuelgutierrez\\src\\app\\app-routing.module.ts": {"path":"C:\\work\\pruebas\\manuelgutierrez\\src\\app\\app-routing.module.ts","statementMap":{"0":{"start":{"line":1,"column":0},"end":{"line":1,"column":41}},"1":{"start":{"line":2,"column":0},"end":{"line":2,"column":55}},"2":{"start":{"line":4,"column":0},"end":{"line":4,"column":68}},"3":{"start":{"line":5,"column":0},"end":{"line":5,"column":77}},"4":{"start":{"line":7,"column":23},"end":{"line":12,"column":2}},"5":{"start":{"line":10,"column":43},"end":{"line":10,"column":121}},"6":{"start":{"line":10,"column":43},"end":{"line":10,"column":93}},"7":{"start":{"line":10,"column":103},"end":{"line":10,"column":120}},"8":{"start":{"line":18,"column":0},"end":{"line":18,"column":null}},"9":{"start":{"line":18,"column":13},"end":{"line":18,"column":null}},"10":{"start":{"line":18,"column":13},"end":{"line":18,"column":29}}},"fnMap":{"0":{"name":"(anonymous_0)","decl":{"start":{"line":10,"column":37},"end":{"line":10,"column":40}},"loc":{"start":{"line":10,"column":43},"end":{"line":10,"column":121}}},"1":{"name":"(anonymous_1)","decl":{"start":{"line":10,"column":43},"end":{"line":10,"column":50}},"loc":{"start":{"line":10,"column":43},"end":{"line":10,"column":93}}},"2":{"name":"(anonymous_2)","decl":{"start":{"line":10,"column":98},"end":{"line":10,"column":99}},"loc":{"start":{"line":10,"column":103},"end":{"line":10,"column":120}}}},"branchMap":{},"s":{"0":0,"1":0,"2":0,"3":0,"4":0,"5":0,"6":0,"7":0,"8":0,"9":0,"10":0},"f":{"0":0,"1":0,"2":0},"b":{}}
,"C:\\work\\pruebas\\manuelgutierrez\\src\\app\\app.component.ts": {"path":"C:\\work\\pruebas\\manuelgutierrez\\src\\app\\app.component.ts","statementMap":{"0":{"start":{"line":1,"column":0},"end":{"line":1,"column":42}},"1":{"start":{"line":8,"column":0},"end":{"line":10,"column":null}},"2":{"start":{"line":9,"column":2},"end":{"line":9,"column":26}},"3":{"start":{"line":8,"column":13},"end":{"line":10,"column":null}},"4":{"start":{"line":8,"column":13},"end":{"line":8,"column":25}}},"fnMap":{"0":{"name":"(anonymous_0)","decl":{"start":{"line":8,"column":0},"end":{"line":8,"column":13}},"loc":{"start":{"line":8,"column":0},"end":{"line":10,"column":1}}}},"branchMap":{},"s":{"0":1,"1":1,"2":2,"3":1,"4":1},"f":{"0":2},"b":{}}
,"C:\\work\\pruebas\\manuelgutierrez\\src\\app\\app.module.ts": {"path":"C:\\work\\pruebas\\manuelgutierrez\\src\\app\\app.module.ts","statementMap":{"0":{"start":{"line":1,"column":0},"end":{"line":1,"column":41}},"1":{"start":{"line":2,"column":0},"end":{"line":2,"column":58}},"2":{"start":{"line":3,"column":0},"end":{"line":3,"column":66}},"3":{"start":{"line":4,"column":0},"end":{"line":4,"column":56}},"4":{"start":{"line":5,"column":0},"end":{"line":5,"column":74}},"5":{"start":{"line":8,"column":0},"end":{"line":8,"column":47}},"6":{"start":{"line":9,"column":0},"end":{"line":9,"column":68}},"7":{"start":{"line":10,"column":0},"end":{"line":10,"column":77}},"8":{"start":{"line":11,"column":0},"end":{"line":11,"column":80}},"9":{"start":{"line":32,"column":0},"end":{"line":32,"column":null}},"10":{"start":{"line":32,"column":13},"end":{"line":32,"column":null}},"11":{"start":{"line":32,"column":13},"end":{"line":32,"column":22}}},"fnMap":{},"branchMap":{},"s":{"0":0,"1":0,"2":0,"3":0,"4":0,"5":0,"6":0,"7":0,"8":0,"9":0,"10":0,"11":0},"f":{},"b":{}}
,"C:\\work\\pruebas\\manuelgutierrez\\src\\app\\components\\login\\login.component.ts": {"path":"C:\\work\\pruebas\\manuelgutierrez\\src\\app\\components\\login\\login.component.ts","statementMap":{"0":{"start":{"line":1,"column":0},"end":{"line":1,"column":50}},"1":{"start":{"line":2,"column":0},"end":{"line":2,"column":68}},"2":{"start":{"line":3,"column":0},"end":{"line":3,"column":41}},"3":{"start":{"line":6,"column":0},"end":{"line":6,"column":51}},"4":{"start":{"line":13,"column":0},"end":{"line":44,"column":null}},"5":{"start":{"line":22,"column":12},"end":{"line":22,"column":16}},"6":{"start":{"line":23,"column":12},"end":{"line":23,"column":20}},"7":{"start":{"line":16,"column":2},"end":{"line":16,"column":31}},"8":{"start":{"line":17,"column":2},"end":{"line":17,"column":25}},"9":{"start":{"line":18,"column":2},"end":{"line":18,"column":32}},"10":{"start":{"line":19,"column":2},"end":{"line":19,"column":27}},"11":{"start":{"line":27,"column":4},"end":{"line":30,"column":null}},"12":{"start":{"line":33,"column":4},"end":{"line":33,"column":null}},"13":{"start":{"line":33,"column":34},"end":{"line":33,"column":40}},"14":{"start":{"line":36,"column":20},"end":{"line":36,"column":49}},"15":{"start":{"line":37,"column":21},"end":{"line":37,"column":97}},"16":{"start":{"line":37,"column":57},"end":{"line":37,"column":95}},"17":{"start":{"line":38,"column":4},"end":{"line":42,"column":null}},"18":{"start":{"line":39,"column":6},"end":{"line":39,"column":null}},"19":{"start":{"line":41,"column":6},"end":{"line":41,"column":31}},"20":{"start":{"line":13,"column":13},"end":{"line":44,"column":null}},"21":{"start":{"line":13,"column":13},"end":{"line":13,"column":27}}},"fnMap":{"0":{"name":"(anonymous_0)","decl":{"start":{"line":21,"column":2},"end":{"line":21,"column":null}},"loc":{"start":{"line":23,"column":26},"end":{"line":24,"column":7}}},"1":{"name":"(anonymous_1)","decl":{"start":{"line":26,"column":2},"end":{"line":26,"column":10}},"loc":{"start":{"line":26,"column":10},"end":{"line":31,"column":3}}},"2":{"name":"(anonymous_2)","decl":{"start":{"line":32,"column":2},"end":{"line":32,"column":11}},"loc":{"start":{"line":32,"column":11},"end":{"line":43,"column":3}}},"3":{"name":"(anonymous_3)","decl":{"start":{"line":37,"column":39},"end":{"line":37,"column":49}},"loc":{"start":{"line":37,"column":53},"end":{"line":37,"column":96}}}},"branchMap":{"0":{"loc":{"start":{"line":33,"column":4},"end":{"line":33,"column":null}},"type":"if","locations":[{"start":{"line":33,"column":4},"end":{"line":33,"column":null}},{"start":{"line":33,"column":4},"end":{"line":33,"column":null}}]},"1":{"loc":{"start":{"line":38,"column":4},"end":{"line":42,"column":null}},"type":"if","locations":[{"start":{"line":38,"column":4},"end":{"line":42,"column":null}},{"start":{"line":38,"column":4},"end":{"line":42,"column":null}}]},"2":{"loc":{"start":{"line":22,"column":27},"end":{"line":22,"column":null}},"type":"cond-expr","locations":[{"start":{"line":22,"column":27},"end":{"line":22,"column":null}},{"start":{"line":22,"column":27},"end":{"line":22,"column":null}}]},"3":{"loc":{"start":{"line":22,"column":16},"end":{"line":22,"column":null}},"type":"binary-expr","locations":[{"start":{"line":22,"column":16},"end":{"line":22,"column":null}},{"start":{"line":22,"column":16},"end":{"line":22,"column":27}}]},"4":{"loc":{"start":{"line":23,"column":26},"end":{"line":23,"column":null}},"type":"cond-expr","locations":[{"start":{"line":23,"column":26},"end":{"line":23,"column":null}},{"start":{"line":23,"column":26},"end":{"line":23,"column":null}}]},"5":{"loc":{"start":{"line":22,"column":27},"end":{"line":23,"column":null}},"type":"binary-expr","locations":[{"start":{"line":22,"column":27},"end":{"line":23,"column":null}},{"start":{"line":23,"column":20},"end":{"line":23,"column":26}}]}},"s":{"0":1,"1":1,"2":1,"3":1,"4":1,"5":1,"6":1,"7":1,"8":1,"9":1,"10":1,"11":1,"12":0,"13":0,"14":0,"15":0,"16":0,"17":0,"18":0,"19":0,"20":1,"21":1},"f":{"0":1,"1":1,"2":0,"3":0},"b":{"0":[0,0],"1":[0,0],"2":[1,0],"3":[1,1],"4":[1,0],"5":[1,1]}}
,"C:\\work\\pruebas\\manuelgutierrez\\src\\app\\components\\page-one\\page-one.component.ts": {"path":"C:\\work\\pruebas\\manuelgutierrez\\src\\app\\components\\page-one\\page-one.component.ts","statementMap":{"0":{"start":{"line":1,"column":0},"end":{"line":1,"column":50}},"1":{"start":{"line":8,"column":0},"end":{"line":15,"column":null}},"2":{"start":{"line":8,"column":13},"end":{"line":15,"column":null}},"3":{"start":{"line":8,"column":13},"end":{"line":8,"column":29}}},"fnMap":{"0":{"name":"(anonymous_0)","decl":{"start":{"line":10,"column":2},"end":{"line":10,"column":18}},"loc":{"start":{"line":10,"column":2},"end":{"line":10,"column":19}}},"1":{"name":"(anonymous_1)","decl":{"start":{"line":12,"column":2},"end":{"line":12,"column":10}},"loc":{"start":{"line":12,"column":10},"end":{"line":13,"column":3}}}},"branchMap":{},"s":{"0":1,"1":1,"2":1,"3":1},"f":{"0":1,"1":1},"b":{}}
,"C:\\work\\pruebas\\manuelgutierrez\\src\\app\\components\\page-two\\page-two.component.ts": {"path":"C:\\work\\pruebas\\manuelgutierrez\\src\\app\\components\\page-two\\page-two.component.ts","statementMap":{"0":{"start":{"line":1,"column":0},"end":{"line":1,"column":50}},"1":{"start":{"line":8,"column":0},"end":{"line":15,"column":null}},"2":{"start":{"line":8,"column":13},"end":{"line":15,"column":null}},"3":{"start":{"line":8,"column":13},"end":{"line":8,"column":29}}},"fnMap":{"0":{"name":"(anonymous_0)","decl":{"start":{"line":10,"column":2},"end":{"line":10,"column":18}},"loc":{"start":{"line":10,"column":2},"end":{"line":10,"column":19}}},"1":{"name":"(anonymous_1)","decl":{"start":{"line":12,"column":2},"end":{"line":12,"column":10}},"loc":{"start":{"line":12,"column":10},"end":{"line":13,"column":3}}}},"branchMap":{},"s":{"0":1,"1":1,"2":1,"3":1},"f":{"0":1,"1":1},"b":{}}
,"C:\\work\\pruebas\\manuelgutierrez\\src\\app\\components\\principal\\principal-routing.module.ts": {"path":"C:\\work\\pruebas\\manuelgutierrez\\src\\app\\components\\principal\\principal-routing.module.ts","statementMap":{"0":{"start":{"line":1,"column":0},"end":{"line":1,"column":41}},"1":{"start":{"line":2,"column":0},"end":{"line":2,"column":55}},"2":{"start":{"line":3,"column":0},"end":{"line":3,"column":58}},"3":{"start":{"line":4,"column":0},"end":{"line":4,"column":66}},"4":{"start":{"line":5,"column":0},"end":{"line":5,"column":66}},"5":{"start":{"line":6,"column":0},"end":{"line":6,"column":59}},"6":{"start":{"line":8,"column":23},"end":{"line":15,"column":2}},"7":{"start":{"line":21,"column":0},"end":{"line":21,"column":null}},"8":{"start":{"line":21,"column":13},"end":{"line":21,"column":null}},"9":{"start":{"line":21,"column":13},"end":{"line":21,"column":45}}},"fnMap":{},"branchMap":{},"s":{"0":0,"1":0,"2":0,"3":0,"4":0,"5":0,"6":0,"7":0,"8":0,"9":0},"f":{},"b":{}}
,"C:\\work\\pruebas\\manuelgutierrez\\src\\app\\components\\principal\\principal.component.ts": {"path":"C:\\work\\pruebas\\manuelgutierrez\\src\\app\\components\\principal\\principal.component.ts","statementMap":{"0":{"start":{"line":1,"column":0},"end":{"line":1,"column":50}},"1":{"start":{"line":8,"column":0},"end":{"line":15,"column":null}},"2":{"start":{"line":8,"column":13},"end":{"line":15,"column":null}},"3":{"start":{"line":8,"column":13},"end":{"line":8,"column":31}}},"fnMap":{"0":{"name":"(anonymous_0)","decl":{"start":{"line":10,"column":2},"end":{"line":10,"column":18}},"loc":{"start":{"line":10,"column":2},"end":{"line":10,"column":19}}},"1":{"name":"(anonymous_1)","decl":{"start":{"line":12,"column":2},"end":{"line":12,"column":10}},"loc":{"start":{"line":12,"column":10},"end":{"line":13,"column":3}}}},"branchMap":{},"s":{"0":1,"1":1,"2":1,"3":1},"f":{"0":1,"1":1},"b":{}}
,"C:\\work\\pruebas\\manuelgutierrez\\src\\app\\components\\principal\\principal.module.ts": {"path":"C:\\work\\pruebas\\manuelgutierrez\\src\\app\\components\\principal\\principal.module.ts","statementMap":{"0":{"start":{"line":1,"column":0},"end":{"line":1,"column":41}},"1":{"start":{"line":2,"column":0},"end":{"line":2,"column":47}},"2":{"start":{"line":3,"column":0},"end":{"line":3,"column":56}},"3":{"start":{"line":4,"column":0},"end":{"line":4,"column":78}},"4":{"start":{"line":5,"column":0},"end":{"line":5,"column":53}},"5":{"start":{"line":7,"column":0},"end":{"line":7,"column":58}},"6":{"start":{"line":8,"column":0},"end":{"line":8,"column":66}},"7":{"start":{"line":9,"column":0},"end":{"line":9,"column":66}},"8":{"start":{"line":10,"column":0},"end":{"line":10,"column":87}},"9":{"start":{"line":26,"column":0},"end":{"line":26,"column":null}},"10":{"start":{"line":26,"column":13},"end":{"line":26,"column":null}},"11":{"start":{"line":26,"column":13},"end":{"line":26,"column":28}}},"fnMap":{},"branchMap":{},"s":{"0":0,"1":0,"2":0,"3":0,"4":0,"5":0,"6":0,"7":0,"8":0,"9":0,"10":0,"11":0},"f":{},"b":{}}
,"C:\\work\\pruebas\\manuelgutierrez\\src\\app\\components\\register\\register.component.ts": {"path":"C:\\work\\pruebas\\manuelgutierrez\\src\\app\\components\\register\\register.component.ts","statementMap":{"0":{"start":{"line":1,"column":0},"end":{"line":1,"column":50}},"1":{"start":{"line":2,"column":0},"end":{"line":2,"column":68}},"2":{"start":{"line":3,"column":0},"end":{"line":3,"column":41}},"3":{"start":{"line":6,"column":0},"end":{"line":6,"column":51}},"4":{"start":{"line":13,"column":0},"end":{"line":44,"column":null}},"5":{"start":{"line":19,"column":12},"end":{"line":19,"column":16}},"6":{"start":{"line":20,"column":12},"end":{"line":20,"column":20}},"7":{"start":{"line":16,"column":2},"end":{"line":16,"column":31}},"8":{"start":{"line":24,"column":4},"end":{"line":30,"column":null}},"9":{"start":{"line":34,"column":4},"end":{"line":34,"column":null}},"10":{"start":{"line":34,"column":37},"end":{"line":34,"column":43}},"11":{"start":{"line":37,"column":20},"end":{"line":37,"column":43}},"12":{"start":{"line":38,"column":4},"end":{"line":38,"column":null}},"13":{"start":{"line":39,"column":4},"end":{"line":39,"column":null}},"14":{"start":{"line":40,"column":4},"end":{"line":40,"column":null}},"15":{"start":{"line":13,"column":13},"end":{"line":44,"column":null}},"16":{"start":{"line":13,"column":13},"end":{"line":13,"column":30}}},"fnMap":{"0":{"name":"(anonymous_0)","decl":{"start":{"line":18,"column":2},"end":{"line":18,"column":null}},"loc":{"start":{"line":20,"column":26},"end":{"line":21,"column":7}}},"1":{"name":"(anonymous_1)","decl":{"start":{"line":23,"column":2},"end":{"line":23,"column":10}},"loc":{"start":{"line":23,"column":10},"end":{"line":31,"column":3}}},"2":{"name":"(anonymous_2)","decl":{"start":{"line":33,"column":2},"end":{"line":33,"column":14}},"loc":{"start":{"line":33,"column":14},"end":{"line":42,"column":3}}}},"branchMap":{"0":{"loc":{"start":{"line":34,"column":4},"end":{"line":34,"column":null}},"type":"if","locations":[{"start":{"line":34,"column":4},"end":{"line":34,"column":null}},{"start":{"line":34,"column":4},"end":{"line":34,"column":null}}]},"1":{"loc":{"start":{"line":19,"column":27},"end":{"line":19,"column":null}},"type":"cond-expr","locations":[{"start":{"line":19,"column":27},"end":{"line":19,"column":null}},{"start":{"line":19,"column":27},"end":{"line":19,"column":null}}]},"2":{"loc":{"start":{"line":19,"column":16},"end":{"line":19,"column":null}},"type":"binary-expr","locations":[{"start":{"line":19,"column":16},"end":{"line":19,"column":null}},{"start":{"line":19,"column":16},"end":{"line":19,"column":27}}]},"3":{"loc":{"start":{"line":20,"column":26},"end":{"line":20,"column":null}},"type":"cond-expr","locations":[{"start":{"line":20,"column":26},"end":{"line":20,"column":null}},{"start":{"line":20,"column":26},"end":{"line":20,"column":null}}]},"4":{"loc":{"start":{"line":19,"column":27},"end":{"line":20,"column":null}},"type":"binary-expr","locations":[{"start":{"line":19,"column":27},"end":{"line":20,"column":null}},{"start":{"line":20,"column":20},"end":{"line":20,"column":26}}]}},"s":{"0":1,"1":1,"2":1,"3":1,"4":1,"5":1,"6":1,"7":1,"8":1,"9":0,"10":0,"11":0,"12":0,"13":0,"14":0,"15":1,"16":1},"f":{"0":1,"1":1,"2":0},"b":{"0":[0,0],"1":[1,0],"2":[1,1],"3":[1,0],"4":[1,1]}}
,"C:\\work\\pruebas\\manuelgutierrez\\src\\app\\components\\ships\\ships.component.ts": {"path":"C:\\work\\pruebas\\manuelgutierrez\\src\\app\\components\\ships\\ships.component.ts","statementMap":{"0":{"start":{"line":1,"column":0},"end":{"line":1,"column":50}},"1":{"start":{"line":2,"column":0},"end":{"line":2,"column":62}},"2":{"start":{"line":9,"column":0},"end":{"line":21,"column":null}},"3":{"start":{"line":13,"column":23},"end":{"line":13,"column":37}},"4":{"start":{"line":11,"column":9},"end":{"line":11,"column":28}},"5":{"start":{"line":16,"column":4},"end":{"line":19,"column":null}},"6":{"start":{"line":17,"column":6},"end":{"line":17,"column":28}},"7":{"start":{"line":18,"column":6},"end":{"line":18,"column":null}},"8":{"start":{"line":9,"column":13},"end":{"line":21,"column":null}},"9":{"start":{"line":9,"column":13},"end":{"line":9,"column":27}}},"fnMap":{"0":{"name":"(anonymous_0)","decl":{"start":{"line":13,"column":2},"end":{"line":13,"column":23}},"loc":{"start":{"line":13,"column":49},"end":{"line":13,"column":53}}},"1":{"name":"(anonymous_1)","decl":{"start":{"line":15,"column":2},"end":{"line":15,"column":10}},"loc":{"start":{"line":15,"column":10},"end":{"line":20,"column":3}}},"2":{"name":"(anonymous_2)","decl":{"start":{"line":16,"column":43},"end":{"line":16,"column":44}},"loc":{"start":{"line":16,"column":53},"end":{"line":19,"column":5}}}},"branchMap":{"0":{"loc":{"start":{"line":13,"column":49},"end":{"line":13,"column":52}},"type":"cond-expr","locations":[{"start":{"line":13,"column":49},"end":{"line":13,"column":52}},{"start":{"line":13,"column":49},"end":{"line":13,"column":52}}]},"1":{"loc":{"start":{"line":13,"column":37},"end":{"line":13,"column":52}},"type":"binary-expr","locations":[{"start":{"line":13,"column":37},"end":{"line":13,"column":52}},{"start":{"line":13,"column":37},"end":{"line":13,"column":49}}]}},"s":{"0":1,"1":1,"2":1,"3":1,"4":1,"5":1,"6":1,"7":1,"8":1,"9":1},"f":{"0":1,"1":1,"2":1},"b":{"0":[1,0],"1":[1,1]}}
,"C:\\work\\pruebas\\manuelgutierrez\\src\\app\\components\\ships\\ships-details\\ships-details.component.ts": {"path":"C:\\work\\pruebas\\manuelgutierrez\\src\\app\\components\\ships\\ships-details\\ships-details.component.ts","statementMap":{"0":{"start":{"line":1,"column":0},"end":{"line":1,"column":57}},"1":{"start":{"line":10,"column":0},"end":{"line":49,"column":null}},"2":{"start":{"line":14,"column":2},"end":{"line":14,"column":22}},"3":{"start":{"line":15,"column":2},"end":{"line":15,"column":19}},"4":{"start":{"line":17,"column":2},"end":{"line":17,"column":28}},"5":{"start":{"line":18,"column":2},"end":{"line":18,"column":28}},"6":{"start":{"line":19,"column":2},"end":{"line":19,"column":30}},"7":{"start":{"line":25,"column":6},"end":{"line":29,"column":8}},"8":{"start":{"line":33,"column":4},"end":{"line":33,"column":null}},"9":{"start":{"line":34,"column":21},"end":{"line":34,"column":41}},"10":{"start":{"line":35,"column":4},"end":{"line":35,"column":27}},"11":{"start":{"line":39,"column":4},"end":{"line":39,"column":36}},"12":{"start":{"line":43,"column":4},"end":{"line":43,"column":37}},"13":{"start":{"line":44,"column":4},"end":{"line":44,"column":37}},"14":{"start":{"line":45,"column":4},"end":{"line":45,"column":38}},"15":{"start":{"line":46,"column":4},"end":{"line":46,"column":null}},"16":{"start":{"line":12,"column":11},"end":{"line":12,"column":null}},"17":{"start":{"line":10,"column":13},"end":{"line":49,"column":null}},"18":{"start":{"line":10,"column":13},"end":{"line":10,"column":34}}},"fnMap":{"0":{"name":"(anonymous_0)","decl":{"start":{"line":21,"column":2},"end":{"line":21,"column":null}},"loc":{"start":{"line":21,"column":2},"end":{"line":22,"column":3}}},"1":{"name":"(anonymous_1)","decl":{"start":{"line":24,"column":2},"end":{"line":24,"column":10}},"loc":{"start":{"line":24,"column":10},"end":{"line":30,"column":3}}},"2":{"name":"(anonymous_2)","decl":{"start":{"line":32,"column":2},"end":{"line":32,"column":15}},"loc":{"start":{"line":32,"column":19},"end":{"line":36,"column":3}}},"3":{"name":"(anonymous_3)","decl":{"start":{"line":38,"column":2},"end":{"line":38,"column":13}},"loc":{"start":{"line":38,"column":19},"end":{"line":40,"column":3}}},"4":{"name":"(anonymous_4)","decl":{"start":{"line":42,"column":2},"end":{"line":42,"column":13}},"loc":{"start":{"line":42,"column":21},"end":{"line":47,"column":3}}}},"branchMap":{},"s":{"0":1,"1":1,"2":1,"3":1,"4":1,"5":1,"6":1,"7":1,"8":0,"9":0,"10":0,"11":0,"12":0,"13":0,"14":0,"15":0,"16":1,"17":1,"18":1},"f":{"0":1,"1":1,"2":0,"3":0,"4":0},"b":{}}
,"C:\\work\\pruebas\\manuelgutierrez\\src\\app\\services\\ships.service.ts": {"path":"C:\\work\\pruebas\\manuelgutierrez\\src\\app\\services\\ships.service.ts","statementMap":{"0":{"start":{"line":1,"column":0},"end":{"line":1,"column":43}},"1":{"start":{"line":2,"column":0},"end":{"line":2,"column":62}},"2":{"start":{"line":4,"column":0},"end":{"line":4,"column":36}},"3":{"start":{"line":9,"column":0},"end":{"line":27,"column":null}},"4":{"start":{"line":20,"column":23},"end":{"line":20,"column":29}},"5":{"start":{"line":11,"column":2},"end":{"line":11,"column":null}},"6":{"start":{"line":12,"column":2},"end":{"line":15,"column":null}},"7":{"start":{"line":16,"column":2},"end":{"line":18,"column":4}},"8":{"start":{"line":23,"column":4},"end":{"line":25,"column":8}},"9":{"start":{"line":24,"column":21},"end":{"line":24,"column":33}},"10":{"start":{"line":9,"column":13},"end":{"line":27,"column":null}},"11":{"start":{"line":9,"column":13},"end":{"line":9,"column":25}}},"fnMap":{"0":{"name":"(anonymous_0)","decl":{"start":{"line":20,"column":2},"end":{"line":20,"column":23}},"loc":{"start":{"line":20,"column":39},"end":{"line":20,"column":44}}},"1":{"name":"(anonymous_1)","decl":{"start":{"line":22,"column":2},"end":{"line":22,"column":10}},"loc":{"start":{"line":22,"column":10},"end":{"line":26,"column":3}}},"2":{"name":"(anonymous_2)","decl":{"start":{"line":24,"column":11},"end":{"line":24,"column":15}},"loc":{"start":{"line":24,"column":18},"end":{"line":24,"column":34}}}},"branchMap":{"0":{"loc":{"start":{"line":20,"column":39},"end":{"line":20,"column":43}},"type":"cond-expr","locations":[{"start":{"line":20,"column":39},"end":{"line":20,"column":43}},{"start":{"line":20,"column":39},"end":{"line":20,"column":43}}]},"1":{"loc":{"start":{"line":20,"column":29},"end":{"line":20,"column":43}},"type":"binary-expr","locations":[{"start":{"line":20,"column":29},"end":{"line":20,"column":43}},{"start":{"line":20,"column":29},"end":{"line":20,"column":39}}]}},"s":{"0":2,"1":2,"2":2,"3":2,"4":1,"5":1,"6":1,"7":1,"8":0,"9":0,"10":2,"11":2},"f":{"0":1,"1":0,"2":0},"b":{"0":[2,0],"1":[2,2]}}
}
